<?xml version="1.0" encoding="UTF-8"?>
<!-- Generated by org.testng.reporters.JUnitXMLReporter -->
<testsuite hostname="DESKTOP-GLL78GE" failures="0" tests="3" name="Default test" time="0.074" errors="0" timestamp="18 Jul 2022 10:11:51 GMT">
  <testcase classname="org.TestNG.practices.TestNGClassPractice1Test" name="Test1" time="0.028"/>
  <testcase classname="org.TestNG.practices.TestNGClassPractice1Test" name="Test2" time="0.007"/>
  <testcase classname="org.TestNG.practices.TestNGClassPractice1Test" name="Test3" time="0.002"/>
</testsuite> <!-- Default test -->
