<?xml version="1.0" encoding="UTF-8"?>
<testng-results total="9" passed="9" failed="0" skipped="0">
  <reporter-output>
  </reporter-output>
  <suite started-at="2022-07-18T10:13:01Z" name="Suite" finished-at="2022-07-18T10:13:02Z" duration-ms="124">
    <groups>
    </groups>
    <test started-at="2022-07-18T10:13:01Z" name="Test" finished-at="2022-07-18T10:13:02Z" duration-ms="124">
      <class name="org.TestNG.practices.TestNGClassPractice1Test">
        <test-method signature="Test1()[pri:0, instance:org.TestNG.practices.TestNGClassPractice1Test@3f67593e]" started-at="2022-07-18T15:43:02Z" name="Test1" finished-at="2022-07-18T15:43:02Z" duration-ms="23" status="PASS">
          <reporter-output>
          </reporter-output>
        </test-method> <!-- Test1 -->
        <test-method signature="Test2()[pri:0, instance:org.TestNG.practices.TestNGClassPractice1Test@3f67593e]" started-at="2022-07-18T15:43:02Z" name="Test2" finished-at="2022-07-18T15:43:02Z" duration-ms="9" status="PASS">
          <reporter-output>
          </reporter-output>
        </test-method> <!-- Test2 -->
        <test-method signature="Test3()[pri:0, instance:org.TestNG.practices.TestNGClassPractice1Test@3f67593e]" started-at="2022-07-18T15:43:02Z" name="Test3" finished-at="2022-07-18T15:43:02Z" duration-ms="3" status="PASS">
          <reporter-output>
          </reporter-output>
        </test-method> <!-- Test3 -->
      </class> <!-- org.TestNG.practices.TestNGClassPractice1Test -->
      <class name="org.TestNG.practices.TestNGClassPractice2Test">
        <test-method signature="Test1()[pri:0, instance:org.TestNG.practices.TestNGClassPractice2Test@1115ec15]" started-at="2022-07-18T15:43:02Z" name="Test1" finished-at="2022-07-18T15:43:02Z" duration-ms="2" status="PASS">
          <reporter-output>
          </reporter-output>
        </test-method> <!-- Test1 -->
        <test-method signature="Test2()[pri:0, instance:org.TestNG.practices.TestNGClassPractice2Test@1115ec15]" started-at="2022-07-18T15:43:02Z" name="Test2" finished-at="2022-07-18T15:43:02Z" duration-ms="3" status="PASS">
          <reporter-output>
          </reporter-output>
        </test-method> <!-- Test2 -->
        <test-method signature="Test3()[pri:0, instance:org.TestNG.practices.TestNGClassPractice2Test@1115ec15]" started-at="2022-07-18T15:43:02Z" name="Test3" finished-at="2022-07-18T15:43:02Z" duration-ms="5" status="PASS">
          <reporter-output>
          </reporter-output>
        </test-method> <!-- Test3 -->
      </class> <!-- org.TestNG.practices.TestNGClassPractice2Test -->
      <class name="org.TestNG.practices.TestNGClassPractice3Test">
        <test-method signature="Test1()[pri:0, instance:org.TestNG.practices.TestNGClassPractice3Test@82ea68c]" started-at="2022-07-18T15:43:02Z" name="Test1" finished-at="2022-07-18T15:43:02Z" duration-ms="2" status="PASS">
          <reporter-output>
          </reporter-output>
        </test-method> <!-- Test1 -->
        <test-method signature="Test2()[pri:0, instance:org.TestNG.practices.TestNGClassPractice3Test@82ea68c]" started-at="2022-07-18T15:43:02Z" name="Test2" finished-at="2022-07-18T15:43:02Z" duration-ms="3" status="PASS">
          <reporter-output>
          </reporter-output>
        </test-method> <!-- Test2 -->
        <test-method signature="Test3()[pri:0, instance:org.TestNG.practices.TestNGClassPractice3Test@82ea68c]" started-at="2022-07-18T15:43:02Z" name="Test3" finished-at="2022-07-18T15:43:02Z" duration-ms="2" status="PASS">
          <reporter-output>
          </reporter-output>
        </test-method> <!-- Test3 -->
      </class> <!-- org.TestNG.practices.TestNGClassPractice3Test -->
    </test> <!-- Test -->
  </suite> <!-- Suite -->
</testng-results>
